<?xml version="1.0"?>
<doc>
    <assembly>
        <name>test-xml-071</name>
    </assembly>
    <members>
        <member name="M:Test`1.X{T[]}#Consume(Y{`0[]})">
            <summary>This is the consume method.</summary></member>
    </members>
</doc>
