<?xml version="1.0" encoding="utf-8"?>
<symbols>
  <files>
    <file id="1" name="test-debug-18.cs" checksum="ee1cffde61e537076c998f04e8baf5bd" />
  </files>
  <methods>
    <method token="0x6000001">
      <sequencepoints />
      <locals />
      <scopes />
    </method>
    <method token="0x6000002">
      <sequencepoints />
      <locals />
      <scopes />
    </method>
    <method token="0x6000003">
      <sequencepoints />
      <locals />
      <scopes />
    </method>
    <method token="0x6000004">
      <sequencepoints>
        <entry il="0x0" row="8" col="2" file_ref="1" hidden="false" />
        <entry il="0x1" row="9" col="2" file_ref="1" hidden="false" />
      </sequencepoints>
      <locals />
      <scopes />
    </method>
    <method token="0x6000005">
      <sequencepoints>
        <entry il="0x0" row="12" col="2" file_ref="1" hidden="false" />
        <entry il="0x1" row="13" col="3" file_ref="1" hidden="false" />
        <entry il="0x10" row="14" col="2" file_ref="1" hidden="false" />
      </sequencepoints>
      <locals />
      <scopes />
    </method>
    <method token="0x6000006">
      <sequencepoints>
        <entry il="0x0" row="17" col="2" file_ref="1" hidden="false" />
        <entry il="0x1" row="18" col="3" file_ref="1" hidden="false" />
        <entry il="0x7" row="19" col="3" file_ref="1" hidden="false" />
        <entry il="0xa3" row="20" col="3" file_ref="1" hidden="false" />
        <entry il="0xa8" row="21" col="2" file_ref="1" hidden="false" />
      </sequencepoints>
      <locals>
        <entry name="d" il_index="0" scope_ref="0" />
        <entry name="s" il_index="1" scope_ref="0" />
      </locals>
      <scopes />
    </method>
    <method token="0x6000007">
      <sequencepoints>
        <entry il="0x0" row="24" col="2" file_ref="1" hidden="false" />
        <entry il="0x1" row="25" col="3" file_ref="1" hidden="false" />
        <entry il="0x7" row="26" col="3" file_ref="1" hidden="false" />
        <entry il="0x5a" row="27" col="2" file_ref="1" hidden="false" />
      </sequencepoints>
      <locals>
        <entry name="d" il_index="0" scope_ref="0" />
      </locals>
      <scopes />
    </method>
    <method token="0x6000008">
      <sequencepoints>
        <entry il="0x0" row="30" col="2" file_ref="1" hidden="false" />
        <entry il="0x1" row="31" col="3" file_ref="1" hidden="false" />
        <entry il="0x7" row="32" col="3" file_ref="1" hidden="false" />
        <entry il="0xe" row="33" col="15" file_ref="1" hidden="false" />
        <entry il="0x14" row="34" col="3" file_ref="1" hidden="false" />
        <entry il="0x81" row="35" col="2" file_ref="1" hidden="false" />
      </sequencepoints>
      <locals>
        <entry name="u" il_index="0" scope_ref="0" />
        <entry name="v" il_index="1" scope_ref="0" />
        <entry name="c" il_index="2" scope_ref="0" />
      </locals>
      <scopes />
    </method>
    <method token="0x6000009">
      <sequencepoints>
        <entry il="0x0" row="38" col="2" file_ref="1" hidden="false" />
        <entry il="0x1" row="39" col="15" file_ref="1" hidden="false" />
        <entry il="0x7" row="40" col="3" file_ref="1" hidden="false" />
        <entry il="0x1e4" row="41" col="2" file_ref="1" hidden="false" />
      </sequencepoints>
      <locals>
        <entry name="d" il_index="0" scope_ref="0" />
      </locals>
      <scopes />
    </method>
    <method token="0x600000a">
      <sequencepoints>
        <entry il="0x0" row="40" col="38" file_ref="1" hidden="false" />
      </sequencepoints>
      <locals />
      <scopes />
    </method>
  </methods>
</symbols>