<?xml version="1.0" encoding="utf-8"?>
<symbols>
  <files>
    <file id="1" name="test-debug-17.cs" checksum="9805aca91147b7f4ec74188f210f34a4" />
  </files>
  <methods>
    <method token="0x6000001">
      <sequencepoints />
      <locals />
      <scopes />
    </method>
    <method token="0x6000002">
      <sequencepoints>
        <entry il="0x0" row="7" col="2" file_ref="1" hidden="false" />
        <entry il="0x1" row="8" col="2" file_ref="1" hidden="false" />
      </sequencepoints>
      <locals />
      <scopes />
    </method>
    <method token="0x6000003">
      <sequencepoints>
        <entry il="0x2a" row="11" col="2" file_ref="1" hidden="false" />
        <entry il="0x2b" row="12" col="3" file_ref="1" hidden="false" />
        <entry il="0x46" row="16" col="3" file_ref="1" hidden="false" />
        <entry il="0x4b" row="17" col="2" file_ref="1" hidden="false" />
      </sequencepoints>
      <locals>
        <entry name="e" il_index="2" scope_ref="0" />
      </locals>
      <scopes />
    </method>
    <method token="0x6000004">
      <sequencepoints>
        <entry il="0x0" row="20" col="2" file_ref="1" hidden="false" />
        <entry il="0x1" row="21" col="3" file_ref="1" hidden="false" />
        <entry il="0x32" row="22" col="2" file_ref="1" hidden="false" />
      </sequencepoints>
      <locals>
        <entry name="e" il_index="0" scope_ref="0" />
      </locals>
      <scopes />
    </method>
  </methods>
</symbols>