<?xml version="1.0" encoding="utf-8"?>
<symbols>
  <files>
    <file id="1" name="test-debug-27.cs" checksum="4a2fa40aa27e1d498f61d664c985ddf2" />
  </files>
  <methods>
    <method token="0x6000001">
      <sequencepoints>
        <entry il="0x0" row="8" col="2" file_ref="1" hidden="false" />
        <entry il="0x1" row="10" col="2" file_ref="1" hidden="false" />
      </sequencepoints>
      <locals />
      <scopes />
    </method>
    <method token="0x6000002">
      <sequencepoints>
        <entry il="0x0" row="13" col="2" file_ref="1" hidden="false" />
        <entry il="0x1" row="14" col="3" file_ref="1" hidden="false" />
        <entry il="0x8" row="15" col="2" file_ref="1" hidden="false" />
      </sequencepoints>
      <locals />
      <scopes />
    </method>
    <method token="0x6000003">
      <sequencepoints />
      <locals />
      <scopes />
    </method>
    <method token="0x6000004">
      <sequencepoints>
        <entry il="0x0" row="21" col="2" file_ref="1" hidden="false" />
        <entry il="0x1" row="22" col="3" file_ref="1" hidden="false" />
        <entry il="0x8" row="23" col="2" file_ref="1" hidden="false" />
      </sequencepoints>
      <locals />
      <scopes />
    </method>
    <method token="0x6000005">
      <sequencepoints>
        <entry il="0x0" row="26" col="2" file_ref="1" hidden="false" />
        <entry il="0x1" row="27" col="3" file_ref="1" hidden="false" />
        <entry il="0x8" row="28" col="2" file_ref="1" hidden="false" />
      </sequencepoints>
      <locals />
      <scopes />
    </method>
    <method token="0x6000006">
      <sequencepoints>
        <entry il="0x0" row="31" col="2" file_ref="1" hidden="false" />
        <entry il="0x1" row="32" col="10" file_ref="1" hidden="false" />
        <entry il="0xc" row="33" col="2" file_ref="1" hidden="false" />
      </sequencepoints>
      <locals />
      <scopes />
    </method>
    <method token="0x6000007">
      <sequencepoints>
        <entry il="0x0" row="36" col="2" file_ref="1" hidden="false" />
        <entry il="0x1" row="37" col="3" file_ref="1" hidden="false" />
        <entry il="0x8" row="38" col="2" file_ref="1" hidden="false" />
      </sequencepoints>
      <locals />
      <scopes />
    </method>
    <method token="0x6000008">
      <sequencepoints>
        <entry il="0x0" row="41" col="2" file_ref="1" hidden="false" />
        <entry il="0x1" row="42" col="3" file_ref="1" hidden="false" />
        <entry il="0x1f" row="44" col="3" file_ref="1" hidden="false" />
        <entry il="0x20" row="44" col="13" file_ref="1" hidden="false" />
        <entry il="0x26" row="44" col="20" file_ref="1" hidden="false" />
        <entry il="0x2d" row="45" col="2" file_ref="1" hidden="false" />
      </sequencepoints>
      <locals>
        <entry name="f" il_index="0" scope_ref="0" />
        <entry name="res" il_index="1" scope_ref="0" />
      </locals>
      <scopes />
    </method>
    <method token="0x6000009">
      <sequencepoints>
        <entry il="0x0" row="48" col="2" file_ref="1" hidden="false" />
        <entry il="0x1" row="49" col="3" file_ref="1" hidden="false" />
        <entry il="0x4" row="49" col="11" file_ref="1" hidden="false" />
        <entry il="0x9" row="50" col="2" file_ref="1" hidden="false" />
      </sequencepoints>
      <locals>
        <entry name="s" il_index="0" scope_ref="0" />
      </locals>
      <scopes />
    </method>
    <method token="0x600000a">
      <sequencepoints>
        <entry il="0x0" row="53" col="2" file_ref="1" hidden="false" />
        <entry il="0x1" row="54" col="3" file_ref="1" hidden="false" />
        <entry il="0xa" row="54" col="11" file_ref="1" hidden="false" />
        <entry il="0x18" row="54" col="22" file_ref="1" hidden="false" />
        <entry il="0x1f" row="55" col="2" file_ref="1" hidden="false" />
      </sequencepoints>
      <locals>
        <entry name="i" il_index="0" scope_ref="0" />
      </locals>
      <scopes />
    </method>
    <method token="0x600000b">
      <sequencepoints>
        <entry il="0x0" row="58" col="2" file_ref="1" hidden="false" />
        <entry il="0x1" row="59" col="3" file_ref="1" hidden="false" />
        <entry il="0x6" row="59" col="11" file_ref="1" hidden="false" />
        <entry il="0xc" row="60" col="2" file_ref="1" hidden="false" />
      </sequencepoints>
      <locals />
      <scopes />
    </method>
    <method token="0x600000c">
      <sequencepoints>
        <entry il="0x0" row="63" col="2" file_ref="1" hidden="false" />
        <entry il="0x1" row="64" col="3" file_ref="1" hidden="false" />
        <entry il="0x8" row="65" col="2" file_ref="1" hidden="false" />
      </sequencepoints>
      <locals />
      <scopes />
    </method>
  </methods>
</symbols>