<?xml version="1.0" encoding="utf-8"?>
<symbols>
  <files>
    <file id="1" name="test-debug-04.cs" checksum="a57ebe1403fe320f2a98377745f7f0d1" />
    <file id="2" name="support-test-debug-04.cs" checksum="b9b719e8fba5bec23da52975bc38e6ce" />
  </files>
  <methods>
    <method token="0x6000001">
      <sequencepoints />
      <locals />
      <scopes />
    </method>
    <method token="0x6000002">
      <sequencepoints>
        <entry il="0x0" row="9" col="2" file_ref="1" hidden="false" />
        <entry il="0x8" row="7" col="2" file_ref="2" hidden="false" />
      </sequencepoints>
      <locals />
      <scopes />
    </method>
    <method token="0x6000003">
      <sequencepoints>
        <entry il="0x0" row="14" col="2" file_ref="1" hidden="false" />
        <entry il="0x8" row="12" col="2" file_ref="2" hidden="false" />
        <entry il="0x10" row="14" col="2" file_ref="2" hidden="false" />
        <entry il="0x16" row="15" col="2" file_ref="2" hidden="false" />
        <entry il="0x17" row="16" col="2" file_ref="2" hidden="false" />
      </sequencepoints>
      <locals />
      <scopes />
    </method>
    <method token="0x6000004">
      <sequencepoints />
      <locals />
      <scopes />
    </method>
    <method token="0x6000005">
      <sequencepoints>
        <entry il="0x0" row="22" col="2" file_ref="2" hidden="false" />
        <entry il="0x1" row="23" col="2" file_ref="2" hidden="false" />
      </sequencepoints>
      <locals />
      <scopes />
    </method>
  </methods>
</symbols>