<?xml version="1.0" encoding="utf-8"?>
<symbols>
  <files>
    <file id="1" name="test-debug-26.cs" checksum="9517379bedd3abcc97156ab28d9cb3da" />
  </files>
  <methods>
    <method token="0x6000001">
      <sequencepoints />
      <locals />
      <scopes />
    </method>
    <method token="0x6000002">
      <sequencepoints>
        <entry il="0x0" row="9" col="2" file_ref="1" hidden="false" />
        <entry il="0x1" row="10" col="2" file_ref="1" hidden="false" />
      </sequencepoints>
      <locals />
      <scopes />
    </method>
    <method token="0x6000003">
      <sequencepoints>
        <entry il="0x0" row="13" col="2" file_ref="1" hidden="false" />
        <entry il="0x1" row="14" col="2" file_ref="1" hidden="false" />
      </sequencepoints>
      <locals />
      <scopes />
    </method>
  </methods>
</symbols>