<?xml version="1.0" encoding="utf-8"?>
<symbols>
  <files>
    <file id="1" name="test-debug-21.cs" checksum="4d61ccab0e08defc5c9c97012b30aa70" />
  </files>
  <methods>
    <method token="0x6000001">
      <sequencepoints />
      <locals />
      <scopes />
    </method>
    <method token="0x6000002">
      <sequencepoints />
      <locals />
      <scopes />
    </method>
    <method token="0x6000003">
      <sequencepoints>
        <entry il="0x0" row="22" col="2" file_ref="1" hidden="false" />
        <entry il="0x1" row="23" col="2" file_ref="1" hidden="false" />
      </sequencepoints>
      <locals />
      <scopes />
    </method>
    <method token="0x6000004">
      <sequencepoints />
      <locals />
      <scopes />
    </method>
    <method token="0x6000005">
      <sequencepoints />
      <locals />
      <scopes />
    </method>
    <method token="0x6000006">
      <sequencepoints />
      <locals />
      <scopes />
    </method>
    <method token="0x6000007">
      <sequencepoints>
        <entry il="0x27" row="7" col="2" file_ref="1" hidden="false" />
        <entry il="0x28" row="8" col="3" file_ref="1" hidden="false" />
        <entry il="0x32" row="9" col="3" file_ref="1" hidden="false" />
        <entry il="0x41" row="10" col="3" file_ref="1" hidden="false" />
        <entry il="0x42" row="11" col="4" file_ref="1" hidden="false" />
        <entry il="0x5f" row="12" col="3" file_ref="1" hidden="false" />
        <entry il="0x70" row="18" col="3" file_ref="1" hidden="false" />
        <entry il="0x8b" row="19" col="2" file_ref="1" hidden="false" />
      </sequencepoints>
      <locals />
      <scopes>
        <entry index="0" start="0x42" end="0x5f" />
      </scopes>
    </method>
    <method token="0x6000008">
      <sequencepoints />
      <locals />
      <scopes />
    </method>
    <method token="0x6000009">
      <sequencepoints />
      <locals />
      <scopes />
    </method>
    <method token="0x600000a">
      <sequencepoints />
      <locals />
      <scopes />
    </method>
    <method token="0x600000b">
      <sequencepoints />
      <locals />
      <scopes />
    </method>
    <method token="0x600000c">
      <sequencepoints>
        <entry il="0x0" row="14" col="3" file_ref="1" hidden="false" />
        <entry il="0x1" row="15" col="4" file_ref="1" hidden="false" />
        <entry il="0xb" row="16" col="3" file_ref="1" hidden="false" />
      </sequencepoints>
      <locals />
      <scopes>
        <entry index="0" start="0x1" end="0xb" />
      </scopes>
    </method>
  </methods>
</symbols>