<?xml version="1.0" encoding="utf-8"?>
<symbols>
  <files>
    <file id="1" name="test-debug-23.cs" checksum="11dd652c953a502005ebdc9b6cc6f94d" />
  </files>
  <methods>
    <method token="0x6000001">
      <sequencepoints>
        <entry il="0x0" row="39" col="7" file_ref="1" hidden="false" />
        <entry il="0x1" row="40" col="4" file_ref="1" hidden="false" />
        <entry il="0x8" row="41" col="3" file_ref="1" hidden="false" />
      </sequencepoints>
      <locals />
      <scopes />
    </method>
    <method token="0x6000002">
      <sequencepoints />
      <locals />
      <scopes />
    </method>
    <method token="0x6000003">
      <sequencepoints>
        <entry il="0x0" row="8" col="2" file_ref="1" hidden="false" />
        <entry il="0x1" row="9" col="3" file_ref="1" hidden="false" />
        <entry il="0x2" row="9" col="3" file_ref="1" hidden="false" />
        <entry il="0x7" row="9" col="8" file_ref="1" hidden="false" />
        <entry il="0xd" row="10" col="2" file_ref="1" hidden="false" />
      </sequencepoints>
      <locals />
      <scopes />
    </method>
    <method token="0x6000004">
      <sequencepoints>
        <entry il="0x0" row="13" col="2" file_ref="1" hidden="false" />
        <entry il="0x1" row="14" col="3" file_ref="1" hidden="false" />
        <entry il="0x2" row="14" col="3" file_ref="1" hidden="false" />
        <entry il="0x7" row="14" col="11" file_ref="1" hidden="false" />
        <entry il="0xd" row="15" col="2" file_ref="1" hidden="false" />
      </sequencepoints>
      <locals />
      <scopes />
    </method>
    <method token="0x6000005">
      <sequencepoints>
        <entry il="0x0" row="18" col="2" file_ref="1" hidden="false" />
        <entry il="0x1" row="19" col="3" file_ref="1" hidden="false" />
        <entry il="0x6" row="19" col="18" file_ref="1" hidden="false" />
        <entry il="0xc" row="20" col="2" file_ref="1" hidden="false" />
      </sequencepoints>
      <locals />
      <scopes />
    </method>
    <method token="0x6000006">
      <sequencepoints>
        <entry il="0x0" row="23" col="2" file_ref="1" hidden="false" />
        <entry il="0x1" row="24" col="3" file_ref="1" hidden="false" />
        <entry il="0x1f" row="25" col="3" file_ref="1" hidden="false" />
        <entry il="0x20" row="25" col="3" file_ref="1" hidden="false" />
        <entry il="0x25" row="25" col="8" file_ref="1" hidden="false" />
        <entry il="0x2b" row="26" col="2" file_ref="1" hidden="false" />
      </sequencepoints>
      <locals>
        <entry name="f" il_index="0" scope_ref="0" />
      </locals>
      <scopes />
    </method>
    <method token="0x6000007">
      <sequencepoints>
        <entry il="0x0" row="29" col="2" file_ref="1" hidden="false" />
        <entry il="0x1" row="30" col="3" file_ref="1" hidden="false" />
        <entry il="0x8" row="31" col="2" file_ref="1" hidden="false" />
      </sequencepoints>
      <locals />
      <scopes />
    </method>
    <method token="0x6000008">
      <sequencepoints>
        <entry il="0x0" row="34" col="2" file_ref="1" hidden="false" />
        <entry il="0x1" row="35" col="3" file_ref="1" hidden="false" />
        <entry il="0x8" row="36" col="2" file_ref="1" hidden="false" />
      </sequencepoints>
      <locals />
      <scopes />
    </method>
    <method token="0x6000009">
      <sequencepoints>
        <entry il="0x0" row="45" col="2" file_ref="1" hidden="false" />
        <entry il="0x1" row="46" col="2" file_ref="1" hidden="false" />
      </sequencepoints>
      <locals />
      <scopes />
    </method>
    <method token="0x600000a">
      <sequencepoints>
        <entry il="0x0" row="24" col="27" file_ref="1" hidden="false" />
      </sequencepoints>
      <locals />
      <scopes />
    </method>
  </methods>
</symbols>