<?xml version="1.0" encoding="utf-8"?>
<symbols>
  <files>
    <file id="1" name="test-debug-28.cs" checksum="0908758b6671839a79620b83da354859" />
  </files>
  <methods>
    <method token="0x6000001">
      <sequencepoints />
      <locals />
      <scopes />
    </method>
    <method token="0x6000002">
      <sequencepoints>
        <entry il="0x0" row="4" col="2" file_ref="1" hidden="false" />
        <entry il="0x1" row="5" col="3" file_ref="1" hidden="false" />
        <entry il="0x2" row="5" col="21" file_ref="1" hidden="false" />
        <entry il="0xb" row="5" col="12" file_ref="1" hidden="false" />
        <entry il="0xf" row="5" col="21" file_ref="1" hidden="false" />
        <entry il="0x1c" row="7" col="3" file_ref="1" hidden="false" />
        <entry il="0x1d" row="7" col="21" file_ref="1" hidden="false" />
        <entry il="0x28" row="7" col="12" file_ref="1" hidden="false" />
        <entry il="0x2e" row="7" col="21" file_ref="1" hidden="false" />
        <entry il="0x3f" row="9" col="2" file_ref="1" hidden="false" />
      </sequencepoints>
      <locals>
        <entry name="v" il_index="0" scope_ref="1" />
        <entry name="v" il_index="3" scope_ref="3" />
      </locals>
      <scopes>
        <entry index="0" start="0x1" end="0x1c" />
        <entry index="1" start="0xb" end="0xf" />
        <entry index="2" start="0x1c" end="0x3f" />
        <entry index="3" start="0x28" end="0x2e" />
      </scopes>
    </method>
    <method token="0x6000003">
      <sequencepoints>
        <entry il="0x0" row="12" col="2" file_ref="1" hidden="false" />
        <entry il="0x1" row="13" col="3" file_ref="1" hidden="false" />
        <entry il="0x8" row="14" col="2" file_ref="1" hidden="false" />
      </sequencepoints>
      <locals />
      <scopes />
    </method>
  </methods>
</symbols>