<?xml version="1.0" encoding="utf-8"?>
<symbols>
  <files>
    <file id="1" name="test-debug-08.cs" checksum="cf80da2b2cf41d6e7284dbcc4c9dc667" />
  </files>
  <methods>
    <method token="0x6000001">
      <sequencepoints />
      <locals />
      <scopes />
    </method>
    <method token="0x6000002">
      <sequencepoints>
        <entry il="0x0" row="7" col="3" file_ref="1" hidden="false" />
      </sequencepoints>
      <locals />
      <scopes />
    </method>
    <method token="0x6000003">
      <sequencepoints />
      <locals />
      <scopes />
    </method>
    <method token="0x6000004">
      <sequencepoints>
        <entry il="0x0" row="16" col="3" file_ref="1" hidden="false" />
      </sequencepoints>
      <locals />
      <scopes />
    </method>
    <method token="0x6000005">
      <sequencepoints>
        <entry il="0x0" row="23" col="5" file_ref="1" hidden="false" />
      </sequencepoints>
      <locals />
      <scopes>
        <entry index="0" start="0x0" end="0x2" />
        <entry index="1" start="0x0" end="0x2" />
      </scopes>
    </method>
  </methods>
</symbols>